{"stringValue":"\"undefined\"","kind":"ObjectId","value":"undefined","path":"_id","reason":{},"valueType":"string","level":"error","message":"Cast to ObjectId failed for value \"undefined\" (type string) at path \"_id\" for model \"Classroom\" Cast to ObjectId failed for value \"undefined\" (type string) at path \"_id\" for model \"Classroom\"","stack":"CastError: Cast to ObjectId failed for value \"undefined\" (type string) at path \"_id\" for model \"Classroom\"\n    at model.Query.exec (C:\\Users\\hp\\Documents\\iuc\\2020_2021\\2nd semester\\Project\\nett-server\\node_modules\\mongoose\\lib\\query.js:4498:21)\n    at model.Query.Query.then (C:\\Users\\hp\\Documents\\iuc\\2020_2021\\2nd semester\\Project\\nett-server\\node_modules\\mongoose\\lib\\query.js:4592:15)\n    at processTicksAndRejections (node:internal/process/task_queues:93:5)"}
{"message":"Nett-Server is listening port 3000...","level":"info"}
{"level":"info","message":"Successfully connected to the database..."}
{"message":"Nett-Server is listening port 3000...","level":"info"}
{"level":"info","message":"Successfully connected to the database..."}
{"level":"info","message":"Successfully connected to the database..."}
{"message":"Nett-Server is listening port 3000...","level":"info"}
{"level":"info","message":"Successfully connected to the database..."}
{"message":"Nett-Server is listening port 3000...","level":"info"}
{"level":"info","message":"Successfully connected to the database..."}
{"message":"Nett-Server is listening port 3000...","level":"info"}
{"level":"info","message":"Successfully connected to the database..."}
{"message":"Nett-Server is listening port 3000...","level":"info"}
{"level":"info","message":"Successfully connected to the database..."}
{"name":"MulterError","message":"Unexpected field Unexpected field","code":"LIMIT_UNEXPECTED_FILE","field":"pic","storageErrors":[],"level":"error","stack":"MulterError: Unexpected field\n    at wrappedFileFilter (C:\\Users\\hp\\Documents\\iuc\\2020_2021\\2nd semester\\Project\\nett-server\\node_modules\\multer\\index.js:40:19)\n    at Busboy.<anonymous> (C:\\Users\\hp\\Documents\\iuc\\2020_2021\\2nd semester\\Project\\nett-server\\node_modules\\multer\\lib\\make-middleware.js:114:7)\n    at Busboy.emit (node:events:376:20)\n    at Busboy.emit (C:\\Users\\hp\\Documents\\iuc\\2020_2021\\2nd semester\\Project\\nett-server\\node_modules\\busboy\\lib\\main.js:38:33)\n    at PartStream.<anonymous> (C:\\Users\\hp\\Documents\\iuc\\2020_2021\\2nd semester\\Project\\nett-server\\node_modules\\busboy\\lib\\types\\multipart.js:213:13)\n    at PartStream.emit (node:events:376:20)\n    at HeaderParser.<anonymous> (C:\\Users\\hp\\Documents\\iuc\\2020_2021\\2nd semester\\Project\\nett-server\\node_modules\\dicer\\lib\\Dicer.js:51:16)\n    at HeaderParser.emit (node:events:376:20)\n    at HeaderParser._finish (C:\\Users\\hp\\Documents\\iuc\\2020_2021\\2nd semester\\Project\\nett-server\\node_modules\\dicer\\lib\\HeaderParser.js:68:8)\n    at SBMH.<anonymous> (C:\\Users\\hp\\Documents\\iuc\\2020_2021\\2nd semester\\Project\\nett-server\\node_modules\\dicer\\lib\\HeaderParser.js:40:12)\n    at SBMH.emit (node:events:376:20)\n    at SBMH._sbmh_feed (C:\\Users\\hp\\Documents\\iuc\\2020_2021\\2nd semester\\Project\\nett-server\\node_modules\\streamsearch\\lib\\sbmh.js:95:16)\n    at SBMH.push (C:\\Users\\hp\\Documents\\iuc\\2020_2021\\2nd semester\\Project\\nett-server\\node_modules\\streamsearch\\lib\\sbmh.js:56:14)\n    at HeaderParser.push (C:\\Users\\hp\\Documents\\iuc\\2020_2021\\2nd semester\\Project\\nett-server\\node_modules\\dicer\\lib\\HeaderParser.js:46:19)\n    at Dicer._oninfo (C:\\Users\\hp\\Documents\\iuc\\2020_2021\\2nd semester\\Project\\nett-server\\node_modules\\dicer\\lib\\Dicer.js:197:25)\n    at SBMH.<anonymous> (C:\\Users\\hp\\Documents\\iuc\\2020_2021\\2nd semester\\Project\\nett-server\\node_modules\\dicer\\lib\\Dicer.js:127:10)"}
{"message":"Nett-Server is listening port 3000...","level":"info"}
{"level":"info","message":"Successfully connected to the database..."}
{"message":"Nett-Server is listening port 3000...","level":"info"}
{"level":"info","message":"Successfully connected to the database..."}
{"message":"Nett-Server is listening port 3000...","level":"info"}
{"level":"info","message":"Successfully connected to the database..."}
{"code":"ERR_HTTP_HEADERS_SENT","level":"error","message":"Cannot set headers after they are sent to the client Cannot set headers after they are sent to the client","stack":"Error [ERR_HTTP_HEADERS_SENT]: Cannot set headers after they are sent to the client\n    at new NodeError (node:internal/errors:278:15)\n    at ServerResponse.setHeader (node:_http_outgoing:563:11)\n    at ServerResponse.header (C:\\Users\\hp\\Documents\\iuc\\2020_2021\\2nd semester\\Project\\nett-server\\node_modules\\express\\lib\\response.js:771:10)\n    at ServerResponse.send (C:\\Users\\hp\\Documents\\iuc\\2020_2021\\2nd semester\\Project\\nett-server\\node_modules\\express\\lib\\response.js:170:12)\n    at ServerResponse.json (C:\\Users\\hp\\Documents\\iuc\\2020_2021\\2nd semester\\Project\\nett-server\\node_modules\\express\\lib\\response.js:267:15)\n    at ServerResponse.send (C:\\Users\\hp\\Documents\\iuc\\2020_2021\\2nd semester\\Project\\nett-server\\node_modules\\express\\lib\\response.js:158:21)\n    at C:\\Users\\hp\\Documents\\iuc\\2020_2021\\2nd semester\\Project\\nett-server\\routes\\auth.js:85:33\n    at Promise_then_rejected (C:\\Users\\hp\\Documents\\iuc\\2020_2021\\2nd semester\\Project\\nett-server\\node_modules\\q\\q.js:779:43)\n    at Promise_done_rejected (C:\\Users\\hp\\Documents\\iuc\\2020_2021\\2nd semester\\Project\\nett-server\\node_modules\\q\\q.js:861:26)\n    at Rejected_then [as then] (C:\\Users\\hp\\Documents\\iuc\\2020_2021\\2nd semester\\Project\\nett-server\\node_modules\\q\\q.js:1323:23)\n    at Rejected_dispatch [as dispatch] (C:\\Users\\hp\\Documents\\iuc\\2020_2021\\2nd semester\\Project\\nett-server\\node_modules\\q\\q.js:1311:23)\n    at Pending_become_eachMessage_task (C:\\Users\\hp\\Documents\\iuc\\2020_2021\\2nd semester\\Project\\nett-server\\node_modules\\q\\q.js:1369:30)\n    at RawTask.call (C:\\Users\\hp\\Documents\\iuc\\2020_2021\\2nd semester\\Project\\nett-server\\node_modules\\asap\\asap.js:40:19)\n    at flush (C:\\Users\\hp\\Documents\\iuc\\2020_2021\\2nd semester\\Project\\nett-server\\node_modules\\asap\\raw.js:50:29)\n    at processTicksAndRejections (node:internal/process/task_queues:75:11)"}
{"code":"ERR_HTTP_HEADERS_SENT","level":"error","message":"Cannot set headers after they are sent to the client Cannot set headers after they are sent to the client","stack":"Error [ERR_HTTP_HEADERS_SENT]: Cannot set headers after they are sent to the client\n    at new NodeError (node:internal/errors:278:15)\n    at ServerResponse.setHeader (node:_http_outgoing:563:11)\n    at ServerResponse.header (C:\\Users\\hp\\Documents\\iuc\\2020_2021\\2nd semester\\Project\\nett-server\\node_modules\\express\\lib\\response.js:771:10)\n    at ServerResponse.send (C:\\Users\\hp\\Documents\\iuc\\2020_2021\\2nd semester\\Project\\nett-server\\node_modules\\express\\lib\\response.js:170:12)\n    at ServerResponse.json (C:\\Users\\hp\\Documents\\iuc\\2020_2021\\2nd semester\\Project\\nett-server\\node_modules\\express\\lib\\response.js:267:15)\n    at ServerResponse.send (C:\\Users\\hp\\Documents\\iuc\\2020_2021\\2nd semester\\Project\\nett-server\\node_modules\\express\\lib\\response.js:158:21)\n    at C:\\Users\\hp\\Documents\\iuc\\2020_2021\\2nd semester\\Project\\nett-server\\routes\\auth.js:85:33\n    at Promise_then_rejected (C:\\Users\\hp\\Documents\\iuc\\2020_2021\\2nd semester\\Project\\nett-server\\node_modules\\q\\q.js:779:43)\n    at Promise_done_rejected (C:\\Users\\hp\\Documents\\iuc\\2020_2021\\2nd semester\\Project\\nett-server\\node_modules\\q\\q.js:861:26)\n    at Rejected_then [as then] (C:\\Users\\hp\\Documents\\iuc\\2020_2021\\2nd semester\\Project\\nett-server\\node_modules\\q\\q.js:1323:23)\n    at Rejected_dispatch [as dispatch] (C:\\Users\\hp\\Documents\\iuc\\2020_2021\\2nd semester\\Project\\nett-server\\node_modules\\q\\q.js:1311:23)\n    at Pending_become_eachMessage_task (C:\\Users\\hp\\Documents\\iuc\\2020_2021\\2nd semester\\Project\\nett-server\\node_modules\\q\\q.js:1369:30)\n    at RawTask.call (C:\\Users\\hp\\Documents\\iuc\\2020_2021\\2nd semester\\Project\\nett-server\\node_modules\\asap\\asap.js:40:19)\n    at flush (C:\\Users\\hp\\Documents\\iuc\\2020_2021\\2nd semester\\Project\\nett-server\\node_modules\\asap\\raw.js:50:29)\n    at processTicksAndRejections (node:internal/process/task_queues:75:11)"}
{"message":"Nett-Server is listening port 3000...","level":"info"}
{"level":"info","message":"Successfully connected to the database..."}
{"message":"Nett-Server is listening port 3000...","level":"info"}
{"level":"info","message":"Successfully connected to the database..."}
{"message":"Nett-Server is listening port 3000...","level":"info"}
{"level":"info","message":"Successfully connected to the database..."}
{"message":"Nett-Server is listening port 3000...","level":"info"}
{"level":"info","message":"Successfully connected to the database..."}
{"message":"Nett-Server is listening port 3000...","level":"info"}
{"level":"info","message":"Successfully connected to the database..."}
{"message":"Nett-Server is listening port 3000...","level":"info"}
{"level":"info","message":"Successfully connected to the database..."}
{"message":"Nett-Server is listening port 3000...","level":"info"}
{"level":"info","message":"Successfully connected to the database..."}
{"message":"Nett-Server is listening port 3000...","level":"info"}
{"level":"info","message":"Successfully connected to the database..."}
{"message":"Nett-Server is listening port 3000...","level":"info"}
{"level":"info","message":"Successfully connected to the database..."}
{"message":"Nett-Server is listening port 3000...","level":"info"}
{"level":"info","message":"Successfully connected to the database..."}
{"message":"Nett-Server is listening port 3000...","level":"info"}
{"level":"info","message":"Successfully connected to the database..."}
{"message":"Nett-Server is listening port 3000...","level":"info"}
{"level":"info","message":"Successfully connected to the database..."}
{"level":"info","message":"Successfully connected to the database..."}
{"message":"Nett-Server is listening port 3000...","level":"info"}
{"level":"info","message":"Successfully connected to the database..."}
{"message":"Nett-Server is listening port 3000...","level":"info"}
{"level":"info","message":"Successfully connected to the database..."}
{"message":"Nett-Server is listening port 3000...","level":"info"}
{"level":"info","message":"Successfully connected to the database..."}
{"message":"Nett-Server is listening port 3000...","level":"info"}
{"level":"info","message":"Successfully connected to the database..."}
{"message":"Nett-Server is listening port 3000...","level":"info"}
{"level":"info","message":"Successfully connected to the database..."}
{"stringValue":"\"undefined\"","kind":"ObjectId","value":"undefined","path":"_id","reason":{},"valueType":"string","level":"error","message":"Cast to ObjectId failed for value \"undefined\" (type string) at path \"_id\" for model \"Classroom\" Cast to ObjectId failed for value \"undefined\" (type string) at path \"_id\" for model \"Classroom\"","stack":"CastError: Cast to ObjectId failed for value \"undefined\" (type string) at path \"_id\" for model \"Classroom\"\n    at model.Query.exec (C:\\Users\\hp\\Documents\\iuc\\2020_2021\\2nd semester\\Project\\nett-server\\node_modules\\mongoose\\lib\\query.js:4498:21)\n    at model.Query.Query.then (C:\\Users\\hp\\Documents\\iuc\\2020_2021\\2nd semester\\Project\\nett-server\\node_modules\\mongoose\\lib\\query.js:4592:15)\n    at processTicksAndRejections (node:internal/process/task_queues:93:5)"}
{"stringValue":"\"undefined\"","kind":"ObjectId","value":"undefined","path":"_id","reason":{},"valueType":"string","level":"error","message":"Cast to ObjectId failed for value \"undefined\" (type string) at path \"_id\" for model \"Classroom\" Cast to ObjectId failed for value \"undefined\" (type string) at path \"_id\" for model \"Classroom\"","stack":"CastError: Cast to ObjectId failed for value \"undefined\" (type string) at path \"_id\" for model \"Classroom\"\n    at model.Query.exec (C:\\Users\\hp\\Documents\\iuc\\2020_2021\\2nd semester\\Project\\nett-server\\node_modules\\mongoose\\lib\\query.js:4498:21)\n    at model.Query.Query.then (C:\\Users\\hp\\Documents\\iuc\\2020_2021\\2nd semester\\Project\\nett-server\\node_modules\\mongoose\\lib\\query.js:4592:15)\n    at runMicrotasks (<anonymous>)\n    at processTicksAndRejections (node:internal/process/task_queues:93:5)"}
{"stringValue":"\"undefined\"","kind":"ObjectId","value":"undefined","path":"_id","reason":{},"valueType":"string","level":"error","message":"Cast to ObjectId failed for value \"undefined\" (type string) at path \"_id\" for model \"Classroom\" Cast to ObjectId failed for value \"undefined\" (type string) at path \"_id\" for model \"Classroom\"","stack":"CastError: Cast to ObjectId failed for value \"undefined\" (type string) at path \"_id\" for model \"Classroom\"\n    at model.Query.exec (C:\\Users\\hp\\Documents\\iuc\\2020_2021\\2nd semester\\Project\\nett-server\\node_modules\\mongoose\\lib\\query.js:4498:21)\n    at model.Query.Query.then (C:\\Users\\hp\\Documents\\iuc\\2020_2021\\2nd semester\\Project\\nett-server\\node_modules\\mongoose\\lib\\query.js:4592:15)\n    at runMicrotasks (<anonymous>)\n    at processTicksAndRejections (node:internal/process/task_queues:93:5)"}
{"stringValue":"\"undefined\"","kind":"ObjectId","value":"undefined","path":"_id","reason":{},"valueType":"string","level":"error","message":"Cast to ObjectId failed for value \"undefined\" (type string) at path \"_id\" for model \"Classroom\" Cast to ObjectId failed for value \"undefined\" (type string) at path \"_id\" for model \"Classroom\"","stack":"CastError: Cast to ObjectId failed for value \"undefined\" (type string) at path \"_id\" for model \"Classroom\"\n    at model.Query.exec (C:\\Users\\hp\\Documents\\iuc\\2020_2021\\2nd semester\\Project\\nett-server\\node_modules\\mongoose\\lib\\query.js:4498:21)\n    at model.Query.Query.then (C:\\Users\\hp\\Documents\\iuc\\2020_2021\\2nd semester\\Project\\nett-server\\node_modules\\mongoose\\lib\\query.js:4592:15)\n    at runMicrotasks (<anonymous>)\n    at processTicksAndRejections (node:internal/process/task_queues:93:5)"}
{"stringValue":"\"undefined\"","kind":"ObjectId","value":"undefined","path":"_id","reason":{},"valueType":"string","level":"error","message":"Cast to ObjectId failed for value \"undefined\" (type string) at path \"_id\" for model \"Classroom\" Cast to ObjectId failed for value \"undefined\" (type string) at path \"_id\" for model \"Classroom\"","stack":"CastError: Cast to ObjectId failed for value \"undefined\" (type string) at path \"_id\" for model \"Classroom\"\n    at model.Query.exec (C:\\Users\\hp\\Documents\\iuc\\2020_2021\\2nd semester\\Project\\nett-server\\node_modules\\mongoose\\lib\\query.js:4498:21)\n    at model.Query.Query.then (C:\\Users\\hp\\Documents\\iuc\\2020_2021\\2nd semester\\Project\\nett-server\\node_modules\\mongoose\\lib\\query.js:4592:15)\n    at runMicrotasks (<anonymous>)\n    at processTicksAndRejections (node:internal/process/task_queues:93:5)"}
{"stringValue":"\"undefined\"","kind":"ObjectId","value":"undefined","path":"_id","reason":{},"valueType":"string","level":"error","message":"Cast to ObjectId failed for value \"undefined\" (type string) at path \"_id\" for model \"Classroom\" Cast to ObjectId failed for value \"undefined\" (type string) at path \"_id\" for model \"Classroom\"","stack":"CastError: Cast to ObjectId failed for value \"undefined\" (type string) at path \"_id\" for model \"Classroom\"\n    at model.Query.exec (C:\\Users\\hp\\Documents\\iuc\\2020_2021\\2nd semester\\Project\\nett-server\\node_modules\\mongoose\\lib\\query.js:4498:21)\n    at model.Query.Query.then (C:\\Users\\hp\\Documents\\iuc\\2020_2021\\2nd semester\\Project\\nett-server\\node_modules\\mongoose\\lib\\query.js:4592:15)\n    at runMicrotasks (<anonymous>)\n    at processTicksAndRejections (node:internal/process/task_queues:93:5)"}
{"level":"info","message":"Successfully connected to the database..."}
{"message":"Nett-Server is listening port 3000...","level":"info"}
{"level":"info","message":"Successfully connected to the database..."}
{"message":"Nett-Server is listening port 3000...","level":"info"}
{"level":"info","message":"Successfully connected to the database..."}
{"message":"Nett-Server is listening port 3000...","level":"info"}
{"message":"Nett-Server is listening port 3000...","level":"info"}
{"level":"info","message":"Successfully connected to the database..."}
{"message":"Nett-Server is listening port 3000...","level":"info"}
{"message":"Nett-Server is listening port 3000...","level":"info"}
{"level":"info","message":"Successfully connected to the database..."}
{"message":"Nett-Server is listening port 3000...","level":"info"}
{"level":"info","message":"Successfully connected to the database..."}
{"name":"MulterError","message":"Unexpected field Unexpected field","code":"LIMIT_UNEXPECTED_FILE","field":"file","storageErrors":[],"level":"error","stack":"MulterError: Unexpected field\n    at wrappedFileFilter (C:\\Users\\hp\\Documents\\iuc\\2020_2021\\2nd semester\\Project\\nett-server\\node_modules\\multer\\index.js:40:19)\n    at Busboy.<anonymous> (C:\\Users\\hp\\Documents\\iuc\\2020_2021\\2nd semester\\Project\\nett-server\\node_modules\\multer\\lib\\make-middleware.js:114:7)\n    at Busboy.emit (node:events:376:20)\n    at Busboy.emit (C:\\Users\\hp\\Documents\\iuc\\2020_2021\\2nd semester\\Project\\nett-server\\node_modules\\busboy\\lib\\main.js:38:33)\n    at PartStream.<anonymous> (C:\\Users\\hp\\Documents\\iuc\\2020_2021\\2nd semester\\Project\\nett-server\\node_modules\\busboy\\lib\\types\\multipart.js:213:13)\n    at PartStream.emit (node:events:376:20)\n    at HeaderParser.<anonymous> (C:\\Users\\hp\\Documents\\iuc\\2020_2021\\2nd semester\\Project\\nett-server\\node_modules\\dicer\\lib\\Dicer.js:51:16)\n    at HeaderParser.emit (node:events:376:20)\n    at HeaderParser._finish (C:\\Users\\hp\\Documents\\iuc\\2020_2021\\2nd semester\\Project\\nett-server\\node_modules\\dicer\\lib\\HeaderParser.js:68:8)\n    at SBMH.<anonymous> (C:\\Users\\hp\\Documents\\iuc\\2020_2021\\2nd semester\\Project\\nett-server\\node_modules\\dicer\\lib\\HeaderParser.js:40:12)\n    at SBMH.emit (node:events:376:20)\n    at SBMH._sbmh_feed (C:\\Users\\hp\\Documents\\iuc\\2020_2021\\2nd semester\\Project\\nett-server\\node_modules\\streamsearch\\lib\\sbmh.js:159:14)\n    at SBMH.push (C:\\Users\\hp\\Documents\\iuc\\2020_2021\\2nd semester\\Project\\nett-server\\node_modules\\streamsearch\\lib\\sbmh.js:56:14)\n    at HeaderParser.push (C:\\Users\\hp\\Documents\\iuc\\2020_2021\\2nd semester\\Project\\nett-server\\node_modules\\dicer\\lib\\HeaderParser.js:46:19)\n    at Dicer._oninfo (C:\\Users\\hp\\Documents\\iuc\\2020_2021\\2nd semester\\Project\\nett-server\\node_modules\\dicer\\lib\\Dicer.js:197:25)\n    at SBMH.<anonymous> (C:\\Users\\hp\\Documents\\iuc\\2020_2021\\2nd semester\\Project\\nett-server\\node_modules\\dicer\\lib\\Dicer.js:127:10)"}
{"message":"Nett-Server is listening port 3000...","level":"info"}
{"level":"info","message":"Successfully connected to the database..."}
{"message":"Nett-Server is listening port 3000...","level":"info"}
{"level":"info","message":"Successfully connected to the database..."}
{"message":"Nett-Server is listening port 3000...","level":"info"}
{"level":"info","message":"Successfully connected to the database..."}
{"name":"MulterError","message":"Unexpected field Unexpected field","code":"LIMIT_UNEXPECTED_FILE","field":"file","storageErrors":[],"level":"error","stack":"MulterError: Unexpected field\n    at wrappedFileFilter (C:\\Users\\hp\\Documents\\iuc\\2020_2021\\2nd semester\\Project\\nett-server\\node_modules\\multer\\index.js:40:19)\n    at Busboy.<anonymous> (C:\\Users\\hp\\Documents\\iuc\\2020_2021\\2nd semester\\Project\\nett-server\\node_modules\\multer\\lib\\make-middleware.js:114:7)\n    at Busboy.emit (node:events:376:20)\n    at Busboy.emit (C:\\Users\\hp\\Documents\\iuc\\2020_2021\\2nd semester\\Project\\nett-server\\node_modules\\busboy\\lib\\main.js:38:33)\n    at PartStream.<anonymous> (C:\\Users\\hp\\Documents\\iuc\\2020_2021\\2nd semester\\Project\\nett-server\\node_modules\\busboy\\lib\\types\\multipart.js:213:13)\n    at PartStream.emit (node:events:376:20)\n    at HeaderParser.<anonymous> (C:\\Users\\hp\\Documents\\iuc\\2020_2021\\2nd semester\\Project\\nett-server\\node_modules\\dicer\\lib\\Dicer.js:51:16)\n    at HeaderParser.emit (node:events:376:20)\n    at HeaderParser._finish (C:\\Users\\hp\\Documents\\iuc\\2020_2021\\2nd semester\\Project\\nett-server\\node_modules\\dicer\\lib\\HeaderParser.js:68:8)\n    at SBMH.<anonymous> (C:\\Users\\hp\\Documents\\iuc\\2020_2021\\2nd semester\\Project\\nett-server\\node_modules\\dicer\\lib\\HeaderParser.js:40:12)\n    at SBMH.emit (node:events:376:20)\n    at SBMH._sbmh_feed (C:\\Users\\hp\\Documents\\iuc\\2020_2021\\2nd semester\\Project\\nett-server\\node_modules\\streamsearch\\lib\\sbmh.js:159:14)\n    at SBMH.push (C:\\Users\\hp\\Documents\\iuc\\2020_2021\\2nd semester\\Project\\nett-server\\node_modules\\streamsearch\\lib\\sbmh.js:56:14)\n    at HeaderParser.push (C:\\Users\\hp\\Documents\\iuc\\2020_2021\\2nd semester\\Project\\nett-server\\node_modules\\dicer\\lib\\HeaderParser.js:46:19)\n    at Dicer._oninfo (C:\\Users\\hp\\Documents\\iuc\\2020_2021\\2nd semester\\Project\\nett-server\\node_modules\\dicer\\lib\\Dicer.js:197:25)\n    at SBMH.<anonymous> (C:\\Users\\hp\\Documents\\iuc\\2020_2021\\2nd semester\\Project\\nett-server\\node_modules\\dicer\\lib\\Dicer.js:127:10)"}
{"message":"Nett-Server is listening port 3000...","level":"info"}
{"level":"info","message":"Successfully connected to the database..."}
{"message":"Nett-Server is listening port 3000...","level":"info"}
{"level":"info","message":"Successfully connected to the database..."}
{"message":"Nett-Server is listening port 3000...","level":"info"}
{"level":"info","message":"Successfully connected to the database..."}
{"message":"Nett-Server is listening port 3000...","level":"info"}
{"level":"info","message":"Successfully connected to the database..."}
{"message":"Nett-Server is listening port 3000...","level":"info"}
{"level":"info","message":"Successfully connected to the database..."}
{"message":"Nett-Server is listening port 3000...","level":"info"}
{"level":"info","message":"Successfully connected to the database..."}
{"message":"Nett-Server is listening port 3000...","level":"info"}
{"level":"info","message":"Successfully connected to the database..."}
{"message":"Nett-Server is listening port 3000...","level":"info"}
{"level":"info","message":"Successfully connected to the database..."}
{"message":"Nett-Server is listening port 3000...","level":"info"}
{"level":"info","message":"Successfully connected to the database..."}
{"message":"Nett-Server is listening port 3000...","level":"info"}
{"level":"info","message":"Successfully connected to the database..."}
{"message":"Nett-Server is listening port 3000...","level":"info"}
{"level":"info","message":"Successfully connected to the database..."}
{"message":"Nett-Server is listening port 3000...","level":"info"}
{"level":"info","message":"Successfully connected to the database..."}
{"message":"Nett-Server is listening port 3000...","level":"info"}
{"level":"info","message":"Successfully connected to the database..."}
{"message":"Nett-Server is listening port 3000...","level":"info"}
{"level":"info","message":"Successfully connected to the database..."}
{"message":"Nett-Server is listening port 3000...","level":"info"}
{"level":"info","message":"Successfully connected to the database..."}
{"message":"Nett-Server is listening port 3000...","level":"info"}
{"level":"info","message":"Successfully connected to the database..."}
{"message":"Nett-Server is listening port 3000...","level":"info"}
{"level":"info","message":"Successfully connected to the database..."}
{"level":"info","message":"Successfully connected to the database..."}
{"message":"Nett-Server is listening port 3000...","level":"info"}
{"level":"info","message":"Successfully connected to the database..."}
{"message":"Nett-Server is listening port 3000...","level":"info"}
{"level":"info","message":"Successfully connected to the database..."}
{"message":"Nett-Server is listening port 3000...","level":"info"}
{"level":"info","message":"Successfully connected to the database..."}
{"message":"Nett-Server is listening port 3000...","level":"info"}
{"level":"info","message":"Successfully connected to the database..."}
{"message":"Nett-Server is listening port 3000...","level":"info"}
{"level":"info","message":"Successfully connected to the database..."}
{"level":"info","message":"Successfully connected to the database..."}
{"message":"Nett-Server is listening port 3000...","level":"info"}
{"level":"info","message":"Successfully connected to the database..."}
{"message":"Nett-Server is listening port 3000...","level":"info"}
{"level":"info","message":"Successfully connected to the database..."}
{"message":"Nett-Server is listening port 3000...","level":"info"}
{"level":"info","message":"Successfully connected to the database..."}
{"message":"Nett-Server is listening port 3000...","level":"info"}
{"level":"info","message":"Successfully connected to the database..."}
{"message":"Nett-Server is listening port 3000...","level":"info"}
{"level":"info","message":"Successfully connected to the database..."}
{"message":"Nett-Server is listening port 3000...","level":"info"}
{"level":"info","message":"Successfully connected to the database..."}
{"message":"Nett-Server is listening port 3000...","level":"info"}
{"level":"info","message":"Successfully connected to the database..."}
{"message":"Nett-Server is listening port 3000...","level":"info"}
{"level":"info","message":"Successfully connected to the database..."}
{"message":"Nett-Server is listening port 3000...","level":"info"}
{"level":"info","message":"Successfully connected to the database..."}
{"message":"Nett-Server is listening port 3000...","level":"info"}
{"level":"info","message":"Successfully connected to the database..."}
{"message":"Nett-Server is listening port 3000...","level":"info"}
{"level":"info","message":"Successfully connected to the database..."}
{"message":"Nett-Server is listening port 3000...","level":"info"}
{"level":"info","message":"Successfully connected to the database..."}
{"message":"Nett-Server is listening port 3000...","level":"info"}
{"level":"info","message":"Successfully connected to the database..."}
{"message":"Nett-Server is listening port 3000...","level":"info"}
{"level":"info","message":"Successfully connected to the database..."}
{"message":"Nett-Server is listening port 3000...","level":"info"}
{"level":"info","message":"Successfully connected to the database..."}
{"message":"Nett-Server is listening port 3000...","level":"info"}
{"level":"info","message":"Successfully connected to the database..."}
{"name":"MulterError","message":"Unexpected field Unexpected field","code":"LIMIT_UNEXPECTED_FILE","field":"steps[video]","storageErrors":[],"level":"error","stack":"MulterError: Unexpected field\n    at wrappedFileFilter (C:\\Users\\hp\\Documents\\iuc\\2020_2021\\2nd semester\\Project\\nett-server\\node_modules\\multer\\index.js:40:19)\n    at Busboy.<anonymous> (C:\\Users\\hp\\Documents\\iuc\\2020_2021\\2nd semester\\Project\\nett-server\\node_modules\\multer\\lib\\make-middleware.js:114:7)\n    at Busboy.emit (node:events:376:20)\n    at Busboy.emit (C:\\Users\\hp\\Documents\\iuc\\2020_2021\\2nd semester\\Project\\nett-server\\node_modules\\busboy\\lib\\main.js:38:33)\n    at PartStream.<anonymous> (C:\\Users\\hp\\Documents\\iuc\\2020_2021\\2nd semester\\Project\\nett-server\\node_modules\\busboy\\lib\\types\\multipart.js:213:13)\n    at PartStream.emit (node:events:376:20)\n    at HeaderParser.<anonymous> (C:\\Users\\hp\\Documents\\iuc\\2020_2021\\2nd semester\\Project\\nett-server\\node_modules\\dicer\\lib\\Dicer.js:51:16)\n    at HeaderParser.emit (node:events:376:20)\n    at HeaderParser._finish (C:\\Users\\hp\\Documents\\iuc\\2020_2021\\2nd semester\\Project\\nett-server\\node_modules\\dicer\\lib\\HeaderParser.js:68:8)\n    at SBMH.<anonymous> (C:\\Users\\hp\\Documents\\iuc\\2020_2021\\2nd semester\\Project\\nett-server\\node_modules\\dicer\\lib\\HeaderParser.js:40:12)\n    at SBMH.emit (node:events:376:20)\n    at SBMH._sbmh_feed (C:\\Users\\hp\\Documents\\iuc\\2020_2021\\2nd semester\\Project\\nett-server\\node_modules\\streamsearch\\lib\\sbmh.js:95:16)\n    at SBMH.push (C:\\Users\\hp\\Documents\\iuc\\2020_2021\\2nd semester\\Project\\nett-server\\node_modules\\streamsearch\\lib\\sbmh.js:56:14)\n    at HeaderParser.push (C:\\Users\\hp\\Documents\\iuc\\2020_2021\\2nd semester\\Project\\nett-server\\node_modules\\dicer\\lib\\HeaderParser.js:46:19)\n    at Dicer._oninfo (C:\\Users\\hp\\Documents\\iuc\\2020_2021\\2nd semester\\Project\\nett-server\\node_modules\\dicer\\lib\\Dicer.js:197:25)\n    at SBMH.<anonymous> (C:\\Users\\hp\\Documents\\iuc\\2020_2021\\2nd semester\\Project\\nett-server\\node_modules\\dicer\\lib\\Dicer.js:127:10)"}
{"message":"Nett-Server is listening port 3000...","level":"info"}
{"level":"info","message":"Successfully connected to the database..."}
{"name":"MulterError","message":"Unexpected field Unexpected field","code":"LIMIT_UNEXPECTED_FILE","field":"steps[video]","storageErrors":[],"level":"error","stack":"MulterError: Unexpected field\n    at wrappedFileFilter (C:\\Users\\hp\\Documents\\iuc\\2020_2021\\2nd semester\\Project\\nett-server\\node_modules\\multer\\index.js:40:19)\n    at Busboy.<anonymous> (C:\\Users\\hp\\Documents\\iuc\\2020_2021\\2nd semester\\Project\\nett-server\\node_modules\\multer\\lib\\make-middleware.js:114:7)\n    at Busboy.emit (node:events:376:20)\n    at Busboy.emit (C:\\Users\\hp\\Documents\\iuc\\2020_2021\\2nd semester\\Project\\nett-server\\node_modules\\busboy\\lib\\main.js:38:33)\n    at PartStream.<anonymous> (C:\\Users\\hp\\Documents\\iuc\\2020_2021\\2nd semester\\Project\\nett-server\\node_modules\\busboy\\lib\\types\\multipart.js:213:13)\n    at PartStream.emit (node:events:376:20)\n    at HeaderParser.<anonymous> (C:\\Users\\hp\\Documents\\iuc\\2020_2021\\2nd semester\\Project\\nett-server\\node_modules\\dicer\\lib\\Dicer.js:51:16)\n    at HeaderParser.emit (node:events:376:20)\n    at HeaderParser._finish (C:\\Users\\hp\\Documents\\iuc\\2020_2021\\2nd semester\\Project\\nett-server\\node_modules\\dicer\\lib\\HeaderParser.js:68:8)\n    at SBMH.<anonymous> (C:\\Users\\hp\\Documents\\iuc\\2020_2021\\2nd semester\\Project\\nett-server\\node_modules\\dicer\\lib\\HeaderParser.js:40:12)\n    at SBMH.emit (node:events:376:20)\n    at SBMH._sbmh_feed (C:\\Users\\hp\\Documents\\iuc\\2020_2021\\2nd semester\\Project\\nett-server\\node_modules\\streamsearch\\lib\\sbmh.js:159:14)\n    at SBMH.push (C:\\Users\\hp\\Documents\\iuc\\2020_2021\\2nd semester\\Project\\nett-server\\node_modules\\streamsearch\\lib\\sbmh.js:56:14)\n    at HeaderParser.push (C:\\Users\\hp\\Documents\\iuc\\2020_2021\\2nd semester\\Project\\nett-server\\node_modules\\dicer\\lib\\HeaderParser.js:46:19)\n    at Dicer._oninfo (C:\\Users\\hp\\Documents\\iuc\\2020_2021\\2nd semester\\Project\\nett-server\\node_modules\\dicer\\lib\\Dicer.js:197:25)\n    at SBMH.<anonymous> (C:\\Users\\hp\\Documents\\iuc\\2020_2021\\2nd semester\\Project\\nett-server\\node_modules\\dicer\\lib\\Dicer.js:127:10)"}
{"message":"Nett-Server is listening port 3000...","level":"info"}
{"level":"info","message":"Successfully connected to the database..."}
{"stringValue":"\"undefined\"","kind":"ObjectId","value":"undefined","path":"_id","reason":{},"valueType":"string","level":"error","message":"Cast to ObjectId failed for value \"undefined\" (type string) at path \"_id\" for model \"Classroom\" Cast to ObjectId failed for value \"undefined\" (type string) at path \"_id\" for model \"Classroom\"","stack":"CastError: Cast to ObjectId failed for value \"undefined\" (type string) at path \"_id\" for model \"Classroom\"\n    at model.Query.exec (C:\\Users\\hp\\Documents\\iuc\\2020_2021\\2nd semester\\Project\\nett-server\\node_modules\\mongoose\\lib\\query.js:4498:21)\n    at model.Query.Query.then (C:\\Users\\hp\\Documents\\iuc\\2020_2021\\2nd semester\\Project\\nett-server\\node_modules\\mongoose\\lib\\query.js:4592:15)\n    at runMicrotasks (<anonymous>)\n    at processTicksAndRejections (node:internal/process/task_queues:93:5)"}
{"message":"Nett-Server is listening port 3000...","level":"info"}
{"level":"info","message":"Successfully connected to the database..."}
{"message":"Nett-Server is listening port 3000...","level":"info"}
{"level":"info","message":"Successfully connected to the database..."}
{"message":"Nett-Server is listening port 3000...","level":"info"}
{"level":"info","message":"Successfully connected to the database..."}
{"message":"Nett-Server is listening port 3000...","level":"info"}
{"level":"info","message":"Successfully connected to the database..."}
{"message":"Nett-Server is listening port 3000...","level":"info"}
{"level":"info","message":"Successfully connected to the database..."}
{"message":"Nett-Server is listening port 3000...","level":"info"}
{"level":"info","message":"Successfully connected to the database..."}
{"message":"Nett-Server is listening port 3000...","level":"info"}
{"level":"info","message":"Successfully connected to the database..."}
{"message":"Nett-Server is listening port 3000...","level":"info"}
{"level":"info","message":"Successfully connected to the database..."}
{"message":"Nett-Server is listening port 3000...","level":"info"}
{"level":"info","message":"Successfully connected to the database..."}
{"message":"Nett-Server is listening port 3000...","level":"info"}
{"level":"info","message":"Successfully connected to the database..."}
{"message":"Nett-Server is listening port 3000...","level":"info"}
{"level":"info","message":"Successfully connected to the database..."}
{"message":"Nett-Server is listening port 3000...","level":"info"}
{"level":"info","message":"Successfully connected to the database..."}
{"level":"error","message":"quiz is not defined quiz is not defined","stack":"ReferenceError: quiz is not defined\n    at C:\\Users\\hp\\Documents\\iuc\\2020_2021\\2nd semester\\Project\\nett-server\\routes\\classrooms.js:361:11\n    at processTicksAndRejections (node:internal/process/task_queues:93:5)"}
{"message":"Nett-Server is listening port 3000...","level":"info"}
{"level":"info","message":"Successfully connected to the database..."}
{"message":"Nett-Server is listening port 3000...","level":"info"}
{"level":"info","message":"Successfully connected to the database..."}
{"message":"Nett-Server is listening port 3000...","level":"info"}
{"level":"info","message":"Successfully connected to the database..."}
{"message":"Nett-Server is listening port 3000...","level":"info"}
{"level":"info","message":"Successfully connected to the database..."}
{"message":"Nett-Server is listening port 3000...","level":"info"}
{"level":"info","message":"Successfully connected to the database..."}
{"message":"Nett-Server is listening port 3000...","level":"info"}
{"level":"info","message":"Successfully connected to the database..."}
{"message":"Nett-Server is listening port 3000...","level":"info"}
{"level":"info","message":"Successfully connected to the database..."}
{"message":"Nett-Server is listening port 3000...","level":"info"}
{"level":"info","message":"Successfully connected to the database..."}
{"message":"Nett-Server is listening port 3000...","level":"info"}
{"level":"info","message":"Successfully connected to the database..."}
{"message":"Nett-Server is listening port 3000...","level":"info"}
{"level":"info","message":"Successfully connected to the database..."}
{"message":"Nett-Server is listening port 3000...","level":"info"}
{"level":"info","message":"Successfully connected to the database..."}
{"message":"Nett-Server is listening port 3000...","level":"info"}
{"level":"info","message":"Successfully connected to the database..."}
{"message":"Nett-Server is listening port 3000...","level":"info"}
{"level":"info","message":"Successfully connected to the database..."}
{"message":"Nett-Server is listening port 3000...","level":"info"}
{"level":"info","message":"Successfully connected to the database..."}
{"message":"Nett-Server is listening port 3000...","level":"info"}
{"level":"info","message":"Successfully connected to the database..."}
{"message":"Nett-Server is listening port 3000...","level":"info"}
{"level":"info","message":"Successfully connected to the database..."}
{"message":"Nett-Server is listening port 3000...","level":"info"}
{"level":"info","message":"Successfully connected to the database..."}
{"message":"Nett-Server is listening port 3000...","level":"info"}
{"level":"info","message":"Successfully connected to the database..."}
{"message":"Nett-Server is listening port 3000...","level":"info"}
{"level":"info","message":"Successfully connected to the database..."}
{"message":"Nett-Server is listening port 3000...","level":"info"}
{"level":"info","message":"Successfully connected to the database..."}
{"message":"Nett-Server is listening port 3000...","level":"info"}
{"level":"info","message":"Successfully connected to the database..."}
{"message":"Nett-Server is listening port 3000...","level":"info"}
{"level":"info","message":"Successfully connected to the database..."}
{"message":"Nett-Server is listening port 3000...","level":"info"}
{"level":"info","message":"Successfully connected to the database..."}
{"message":"Nett-Server is listening port 3000...","level":"info"}
{"level":"info","message":"Successfully connected to the database..."}
{"message":"Nett-Server is listening port 3000...","level":"info"}
{"level":"info","message":"Successfully connected to the database..."}
{"message":"Nett-Server is listening port 3000...","level":"info"}
{"level":"info","message":"Successfully connected to the database..."}
{"message":"Nett-Server is listening port 3000...","level":"info"}
{"level":"info","message":"Successfully connected to the database..."}
{"message":"Nett-Server is listening port 3000...","level":"info"}
{"message":"Nett-Server is listening port 3000...","level":"info"}
{"level":"info","message":"Successfully connected to the database..."}
{"level":"info","message":"Successfully connected to the database..."}
{"message":"Nett-Server is listening port 3000...","level":"info"}
{"level":"info","message":"Successfully connected to the database..."}
{"message":"Nett-Server is listening port 3000...","level":"info"}
{"level":"info","message":"Successfully connected to the database..."}
{"message":"Nett-Server is listening port 3000...","level":"info"}
{"level":"info","message":"Successfully connected to the database..."}
{"message":"Nett-Server is listening port 3000...","level":"info"}
{"level":"info","message":"Successfully connected to the database..."}
{"level":"error","message":"Cannot destructure property 'posts' of '(intermediate value)' as it is null. Cannot destructure property 'posts' of '(intermediate value)' as it is null.","stack":"TypeError: Cannot destructure property 'posts' of '(intermediate value)' as it is null.\n    at C:\\Users\\hp\\Documents\\iuc\\2020_2021\\2nd semester\\Project\\nett-server\\routes\\posts.js:13:10\n    at processTicksAndRejections (node:internal/process/task_queues:93:5)"}
{"message":"Nett-Server is listening port 3000...","level":"info"}
{"level":"info","message":"Successfully connected to the database..."}
{"level":"error","message":"Converting circular structure to JSON\n    --> starting at object with constructor 'Socket'\n    |     property 'parser' -> object with constructor 'HTTPParser'\n    --- property 'socket' closes the circle Converting circular structure to JSON\n    --> starting at object with constructor 'Socket'\n    |     property 'parser' -> object with constructor 'HTTPParser'\n    --- property 'socket' closes the circle","stack":"TypeError: Converting circular structure to JSON\n    --> starting at object with constructor 'Socket'\n    |     property 'parser' -> object with constructor 'HTTPParser'\n    --- property 'socket' closes the circle\n    at JSON.stringify (<anonymous>)\n    at C:\\Users\\hp\\Documents\\iuc\\2020_2021\\2nd semester\\Project\\nett-server\\routes\\posts.js:12:19\n    at newFn (C:\\Users\\hp\\Documents\\iuc\\2020_2021\\2nd semester\\Project\\nett-server\\node_modules\\express-async-errors\\index.js:16:20)\n    at Layer.handle [as handle_request] (C:\\Users\\hp\\Documents\\iuc\\2020_2021\\2nd semester\\Project\\nett-server\\node_modules\\express\\lib\\router\\layer.js:95:5)\n    at next (C:\\Users\\hp\\Documents\\iuc\\2020_2021\\2nd semester\\Project\\nett-server\\node_modules\\express\\lib\\router\\route.js:137:13)\n    at Route.dispatch (C:\\Users\\hp\\Documents\\iuc\\2020_2021\\2nd semester\\Project\\nett-server\\node_modules\\express\\lib\\router\\route.js:112:3)\n    at newFn (C:\\Users\\hp\\Documents\\iuc\\2020_2021\\2nd semester\\Project\\nett-server\\node_modules\\express-async-errors\\index.js:16:20)\n    at Layer.handle [as handle_request] (C:\\Users\\hp\\Documents\\iuc\\2020_2021\\2nd semester\\Project\\nett-server\\node_modules\\express\\lib\\router\\layer.js:95:5)\n    at C:\\Users\\hp\\Documents\\iuc\\2020_2021\\2nd semester\\Project\\nett-server\\node_modules\\express\\lib\\router\\index.js:281:22\n    at Function.process_params (C:\\Users\\hp\\Documents\\iuc\\2020_2021\\2nd semester\\Project\\nett-server\\node_modules\\express\\lib\\router\\index.js:335:12)\n    at next (C:\\Users\\hp\\Documents\\iuc\\2020_2021\\2nd semester\\Project\\nett-server\\node_modules\\express\\lib\\router\\index.js:275:10)\n    at Function.handle (C:\\Users\\hp\\Documents\\iuc\\2020_2021\\2nd semester\\Project\\nett-server\\node_modules\\express\\lib\\router\\index.js:174:3)\n    at router (C:\\Users\\hp\\Documents\\iuc\\2020_2021\\2nd semester\\Project\\nett-server\\node_modules\\express\\lib\\router\\index.js:47:12)\n    at newFn (C:\\Users\\hp\\Documents\\iuc\\2020_2021\\2nd semester\\Project\\nett-server\\node_modules\\express-async-errors\\index.js:16:20)\n    at Layer.handle [as handle_request] (C:\\Users\\hp\\Documents\\iuc\\2020_2021\\2nd semester\\Project\\nett-server\\node_modules\\express\\lib\\router\\layer.js:95:5)\n    at trim_prefix (C:\\Users\\hp\\Documents\\iuc\\2020_2021\\2nd semester\\Project\\nett-server\\node_modules\\express\\lib\\router\\index.js:317:13)"}
{"message":"Nett-Server is listening port 3000...","level":"info"}
{"level":"info","message":"Successfully connected to the database..."}
{"level":"error","message":"Cannot destructure property 'posts' of '(intermediate value)' as it is null. Cannot destructure property 'posts' of '(intermediate value)' as it is null.","stack":"TypeError: Cannot destructure property 'posts' of '(intermediate value)' as it is null.\n    at C:\\Users\\hp\\Documents\\iuc\\2020_2021\\2nd semester\\Project\\nett-server\\routes\\posts.js:14:10\n    at processTicksAndRejections (node:internal/process/task_queues:93:5)"}
{"message":"Nett-Server is listening port 3000...","level":"info"}
{"level":"info","message":"Successfully connected to the database..."}
{"level":"error","message":"Cannot destructure property 'posts' of '(intermediate value)' as it is null. Cannot destructure property 'posts' of '(intermediate value)' as it is null.","stack":"TypeError: Cannot destructure property 'posts' of '(intermediate value)' as it is null.\n    at C:\\Users\\hp\\Documents\\iuc\\2020_2021\\2nd semester\\Project\\nett-server\\routes\\posts.js:14:10\n    at processTicksAndRejections (node:internal/process/task_queues:93:5)"}
{"message":"Nett-Server is listening port 3000...","level":"info"}
{"level":"info","message":"Successfully connected to the database..."}
{"message":"Nett-Server is listening port 3000...","level":"info"}
{"level":"info","message":"Successfully connected to the database..."}
{"message":"Nett-Server is listening port 3000...","level":"info"}
{"level":"info","message":"Successfully connected to the database..."}
{"message":"Nett-Server is listening port 3000...","level":"info"}
{"level":"info","message":"Successfully connected to the database..."}
{"message":"Nett-Server is listening port 3000...","level":"info"}
{"level":"info","message":"Successfully connected to the database..."}
{"level":"info","message":"Successfully connected to the database..."}
{"level":"info","message":"Successfully connected to the database..."}
{"level":"info","message":"Successfully connected to the database..."}
{"level":"info","message":"Successfully connected to the database..."}
{"level":"info","message":"Successfully connected to the database..."}
{"level":"info","message":"Successfully connected to the database..."}
{"message":"Nett-Server is listening port 3000...","level":"info"}
{"level":"info","message":"Successfully connected to the database..."}
{"message":"Nett-Server is listening port 3000...","level":"info"}
{"level":"info","message":"Successfully connected to the database..."}
{"message":"Nett-Server is listening port 3000...","level":"info"}
{"level":"info","message":"Successfully connected to the database..."}
{"message":"Nett-Server is listening port 3000...","level":"info"}
{"level":"info","message":"Successfully connected to the database..."}
{"message":"Nett-Server is listening port 3000...","level":"info"}
{"level":"info","message":"Successfully connected to the database..."}
{"message":"Nett-Server is listening port 3000...","level":"info"}
{"level":"info","message":"Successfully connected to the database..."}
{"level":"info","message":"Successfully connected to the database..."}
{"level":"info","message":"Successfully connected to the database..."}
{"message":"Nett-Server is listening port 3000...","level":"info"}
{"level":"info","message":"Successfully connected to the database..."}
{"message":"Nett-Server is listening port 3000...","level":"info"}
{"level":"info","message":"Successfully connected to the database..."}
{"message":"Nett-Server is listening port 3000...","level":"info"}
{"level":"info","message":"Successfully connected to the database..."}
{"message":"Nett-Server is listening port 3000...","level":"info"}
{"level":"info","message":"Successfully connected to the database..."}
{"message":"Nett-Server is listening port 3000...","level":"info"}
{"level":"info","message":"Successfully connected to the database..."}
{"message":"Nett-Server is listening port 3000...","level":"info"}
{"level":"info","message":"Successfully connected to the database..."}
{"message":"Nett-Server is listening port 3000...","level":"info"}
{"level":"info","message":"Successfully connected to the database..."}
{"message":"Nett-Server is listening port 3000...","level":"info"}
{"level":"info","message":"Successfully connected to the database..."}
{"message":"Nett-Server is listening port 3000...","level":"info"}
{"level":"info","message":"Successfully connected to the database..."}
{"code":"ERR_HTTP_HEADERS_SENT","level":"error","message":"Cannot set headers after they are sent to the client Cannot set headers after they are sent to the client","stack":"Error [ERR_HTTP_HEADERS_SENT]: Cannot set headers after they are sent to the client\n    at new NodeError (node:internal/errors:278:15)\n    at ServerResponse.setHeader (node:_http_outgoing:563:11)\n    at ServerResponse.header (C:\\Users\\hp\\Documents\\iuc\\2020_2021\\2nd semester\\Project\\nett-server\\node_modules\\express\\lib\\response.js:771:10)\n    at ServerResponse.send (C:\\Users\\hp\\Documents\\iuc\\2020_2021\\2nd semester\\Project\\nett-server\\node_modules\\express\\lib\\response.js:170:12)\n    at ServerResponse.json (C:\\Users\\hp\\Documents\\iuc\\2020_2021\\2nd semester\\Project\\nett-server\\node_modules\\express\\lib\\response.js:267:15)\n    at ServerResponse.send (C:\\Users\\hp\\Documents\\iuc\\2020_2021\\2nd semester\\Project\\nett-server\\node_modules\\express\\lib\\response.js:158:21)\n    at C:\\Users\\hp\\Documents\\iuc\\2020_2021\\2nd semester\\Project\\nett-server\\routes\\auth.js:84:33\n    at Promise_then_rejected (C:\\Users\\hp\\Documents\\iuc\\2020_2021\\2nd semester\\Project\\nett-server\\node_modules\\q\\q.js:779:43)\n    at Promise_done_rejected (C:\\Users\\hp\\Documents\\iuc\\2020_2021\\2nd semester\\Project\\nett-server\\node_modules\\q\\q.js:861:26)\n    at Rejected_then [as then] (C:\\Users\\hp\\Documents\\iuc\\2020_2021\\2nd semester\\Project\\nett-server\\node_modules\\q\\q.js:1323:23)\n    at Rejected_dispatch [as dispatch] (C:\\Users\\hp\\Documents\\iuc\\2020_2021\\2nd semester\\Project\\nett-server\\node_modules\\q\\q.js:1311:23)\n    at Pending_become_eachMessage_task (C:\\Users\\hp\\Documents\\iuc\\2020_2021\\2nd semester\\Project\\nett-server\\node_modules\\q\\q.js:1369:30)\n    at RawTask.call (C:\\Users\\hp\\Documents\\iuc\\2020_2021\\2nd semester\\Project\\nett-server\\node_modules\\asap\\asap.js:40:19)\n    at flush (C:\\Users\\hp\\Documents\\iuc\\2020_2021\\2nd semester\\Project\\nett-server\\node_modules\\asap\\raw.js:50:29)\n    at processTicksAndRejections (node:internal/process/task_queues:75:11)"}
{"message":"Nett-Server is listening port 3000...","level":"info"}
{"level":"info","message":"Successfully connected to the database..."}
{"message":"Nett-Server is listening port 3000...","level":"info"}
{"level":"info","message":"Successfully connected to the database..."}
{"message":"Nett-Server is listening port 3000...","level":"info"}
{"level":"info","message":"Successfully connected to the database..."}
{"message":"Nett-Server is listening port 3000...","level":"info"}
{"level":"info","message":"Successfully connected to the database..."}
{"message":"Nett-Server is listening port 3000...","level":"info"}
{"level":"info","message":"Successfully connected to the database..."}
{"message":"Nett-Server is listening port 3000...","level":"info"}
{"level":"info","message":"Successfully connected to the database..."}
{"message":"Nett-Server is listening port 3000...","level":"info"}
{"level":"info","message":"Successfully connected to the database..."}
{"message":"Nett-Server is listening port 3000...","level":"info"}
{"level":"info","message":"Successfully connected to the database..."}
{"message":"Nett-Server is listening port 3000...","level":"info"}
{"level":"info","message":"Successfully connected to the database..."}
{"message":"Nett-Server is listening port 3000...","level":"info"}
{"level":"info","message":"Successfully connected to the database..."}
{"message":"Nett-Server is listening port 3000...","level":"info"}
{"level":"info","message":"Successfully connected to the database..."}
{"message":"Nett-Server is listening port 3000...","level":"info"}
{"level":"info","message":"Successfully connected to the database..."}
{"message":"Nett-Server is listening port 3000...","level":"info"}
{"level":"info","message":"Successfully connected to the database..."}
{"message":"Nett-Server is listening port 3000...","level":"info"}
{"level":"info","message":"Successfully connected to the database..."}
{"code":"ERR_HTTP_HEADERS_SENT","level":"error","message":"Cannot set headers after they are sent to the client Cannot set headers after they are sent to the client","stack":"Error [ERR_HTTP_HEADERS_SENT]: Cannot set headers after they are sent to the client\n    at new NodeError (node:internal/errors:278:15)\n    at ServerResponse.setHeader (node:_http_outgoing:563:11)\n    at ServerResponse.header (C:\\Users\\hp\\Documents\\iuc\\2020_2021\\2nd semester\\Project\\nett-server\\node_modules\\express\\lib\\response.js:771:10)\n    at ServerResponse.send (C:\\Users\\hp\\Documents\\iuc\\2020_2021\\2nd semester\\Project\\nett-server\\node_modules\\express\\lib\\response.js:170:12)\n    at ServerResponse.json (C:\\Users\\hp\\Documents\\iuc\\2020_2021\\2nd semester\\Project\\nett-server\\node_modules\\express\\lib\\response.js:267:15)\n    at ServerResponse.send (C:\\Users\\hp\\Documents\\iuc\\2020_2021\\2nd semester\\Project\\nett-server\\node_modules\\express\\lib\\response.js:158:21)\n    at C:\\Users\\hp\\Documents\\iuc\\2020_2021\\2nd semester\\Project\\nett-server\\routes\\auth.js:84:33\n    at Promise_then_rejected (C:\\Users\\hp\\Documents\\iuc\\2020_2021\\2nd semester\\Project\\nett-server\\node_modules\\q\\q.js:779:43)\n    at Promise_done_rejected (C:\\Users\\hp\\Documents\\iuc\\2020_2021\\2nd semester\\Project\\nett-server\\node_modules\\q\\q.js:861:26)\n    at Rejected_then [as then] (C:\\Users\\hp\\Documents\\iuc\\2020_2021\\2nd semester\\Project\\nett-server\\node_modules\\q\\q.js:1323:23)\n    at Rejected_dispatch [as dispatch] (C:\\Users\\hp\\Documents\\iuc\\2020_2021\\2nd semester\\Project\\nett-server\\node_modules\\q\\q.js:1311:23)\n    at Pending_become_eachMessage_task (C:\\Users\\hp\\Documents\\iuc\\2020_2021\\2nd semester\\Project\\nett-server\\node_modules\\q\\q.js:1369:30)\n    at RawTask.call (C:\\Users\\hp\\Documents\\iuc\\2020_2021\\2nd semester\\Project\\nett-server\\node_modules\\asap\\asap.js:40:19)\n    at flush (C:\\Users\\hp\\Documents\\iuc\\2020_2021\\2nd semester\\Project\\nett-server\\node_modules\\asap\\raw.js:50:29)\n    at processTicksAndRejections (node:internal/process/task_queues:75:11)"}
{"message":"Nett-Server is listening port 3000...","level":"info"}
{"level":"info","message":"Successfully connected to the database..."}
{"message":"Nett-Server is listening port 3000...","level":"info"}
{"level":"info","message":"Successfully connected to the database..."}
{"message":"Nett-Server is listening port 3000...","level":"info"}
{"level":"info","message":"Successfully connected to the database..."}
{"message":"Nett-Server is listening port 3000...","level":"info"}
{"level":"info","message":"Successfully connected to the database..."}
{"message":"Nett-Server is listening port 3000...","level":"info"}
{"level":"info","message":"Successfully connected to the database..."}
{"message":"Nett-Server is listening port 3000...","level":"info"}
{"level":"info","message":"Successfully connected to the database..."}
{"message":"Nett-Server is listening port 3000...","level":"info"}
{"level":"info","message":"Successfully connected to the database..."}
{"message":"Nett-Server is listening port 3000...","level":"info"}
{"level":"info","message":"Successfully connected to the database..."}
{"message":"Nett-Server is listening port 3000...","level":"info"}
{"level":"info","message":"Successfully connected to the database..."}
{"message":"Nett-Server is listening port 3000...","level":"info"}
{"level":"info","message":"Successfully connected to the database..."}
{"message":"Nett-Server is listening port 3000...","level":"info"}
{"level":"info","message":"Successfully connected to the database..."}
{"message":"Nett-Server is listening port 3000...","level":"info"}
{"level":"info","message":"Successfully connected to the database..."}
